[2020-07-25 13:02:55] app.ERROR: Data from PrestaShop Addons is invalid, and cannot fallback on cache.  {"exception":"cURL error 28: Operation timed out after 5002 milliseconds with 239253 bytes received"} []
[2020-07-25 13:02:56] app.INFO: Protect vendor folder in module contactform [] []
[2020-07-25 13:02:56] app.INFO: Module contactform has no vendor folder [] []
[2020-07-25 13:02:56] app.INFO: Protect vendor folder in module dashactivity [] []
[2020-07-25 13:02:56] app.INFO: Module dashactivity has no vendor folder [] []
[2020-07-25 13:02:57] app.INFO: Protect vendor folder in module dashtrends [] []
[2020-07-25 13:02:57] app.INFO: Module dashtrends has no vendor folder [] []
[2020-07-25 13:02:57] app.INFO: Protect vendor folder in module dashgoals [] []
[2020-07-25 13:02:57] app.INFO: Module dashgoals has no vendor folder [] []
[2020-07-25 13:02:57] app.INFO: Protect vendor folder in module dashproducts [] []
[2020-07-25 13:02:57] app.INFO: Module dashproducts has no vendor folder [] []
[2020-07-25 13:02:57] app.INFO: Protect vendor folder in module graphnvd3 [] []
[2020-07-25 13:02:57] app.INFO: Module graphnvd3 has no vendor folder [] []
[2020-07-25 13:02:57] app.INFO: Protect vendor folder in module gridhtml [] []
[2020-07-25 13:02:57] app.INFO: Module gridhtml has no vendor folder [] []
[2020-07-25 13:02:58] app.INFO: Protect vendor folder in module gsitemap [] []
[2020-07-25 13:02:58] app.INFO: Module gsitemap has no vendor folder [] []
[2020-07-25 13:02:58] app.INFO: Protect vendor folder in module ps_banner [] []
[2020-07-25 13:02:58] app.INFO: Module ps_banner has no vendor folder [] []
[2020-07-25 13:02:58] app.INFO: Protect vendor folder in module ps_categorytree [] []
[2020-07-25 13:02:58] app.INFO: Module ps_categorytree has no vendor folder [] []
[2020-07-25 13:02:58] app.INFO: Protect vendor folder in module ps_checkpayment [] []
[2020-07-25 13:02:58] app.INFO: Module ps_checkpayment has no vendor folder [] []
[2020-07-25 13:02:58] app.INFO: Protect vendor folder in module ps_contactinfo [] []
[2020-07-25 13:02:58] app.INFO: Module ps_contactinfo has no vendor folder [] []
[2020-07-25 13:02:58] app.INFO: Protect vendor folder in module ps_currencyselector [] []
[2020-07-25 13:02:58] app.INFO: Module ps_currencyselector has no vendor folder [] []
[2020-07-25 13:02:58] app.INFO: Protect vendor folder in module ps_customeraccountlinks [] []
[2020-07-25 13:02:58] app.INFO: Module ps_customeraccountlinks has no vendor folder [] []
[2020-07-25 13:02:58] app.INFO: Protect vendor folder in module ps_customersignin [] []
[2020-07-25 13:02:58] app.INFO: Module ps_customersignin has no vendor folder [] []
[2020-07-25 13:02:59] app.INFO: Protect vendor folder in module ps_customtext [] []
[2020-07-25 13:02:59] app.INFO: Module ps_customtext has no vendor folder [] []
[2020-07-25 13:02:59] app.INFO: Protect vendor folder in module ps_emailsubscription [] []
[2020-07-25 13:02:59] app.INFO: Module ps_emailsubscription has no vendor folder [] []
[2020-07-25 13:03:00] app.INFO: Protect vendor folder in module ps_facetedsearch [] []
[2020-07-25 13:03:00] app.INFO: Module ps_facetedsearch has no vendor folder [] []
[2020-07-25 13:03:00] app.INFO: Protect vendor folder in module ps_faviconnotificationbo [] []
[2020-07-25 13:03:00] app.INFO: Module ps_faviconnotificationbo has no vendor folder [] []
[2020-07-25 13:03:01] app.INFO: Protect vendor folder in module ps_featuredproducts [] []
[2020-07-25 13:03:01] app.INFO: Module ps_featuredproducts has no vendor folder [] []
[2020-07-25 13:03:01] app.INFO: Protect vendor folder in module ps_imageslider [] []
[2020-07-25 13:03:01] app.INFO: Module ps_imageslider has no vendor folder [] []
[2020-07-25 13:03:01] app.INFO: Protect vendor folder in module ps_languageselector [] []
[2020-07-25 13:03:01] app.INFO: Module ps_languageselector has no vendor folder [] []
[2020-07-25 13:03:01] app.INFO: Protect vendor folder in module ps_linklist [] []
[2020-07-25 13:03:01] app.INFO: Module ps_linklist has no vendor folder [] []
[2020-07-25 13:03:01] app.ERROR: Class "AdminLinkWidgetController" not found in controllers/admin [] []
[2020-07-25 13:03:02] app.INFO: Protect vendor folder in module ps_mainmenu [] []
[2020-07-25 13:03:02] app.INFO: Module ps_mainmenu has no vendor folder [] []
[2020-07-25 13:03:02] app.INFO: Protect vendor folder in module ps_searchbar [] []
[2020-07-25 13:03:02] app.INFO: Module ps_searchbar has no vendor folder [] []
[2020-07-25 13:03:02] app.INFO: Protect vendor folder in module ps_sharebuttons [] []
[2020-07-25 13:03:02] app.INFO: Module ps_sharebuttons has no vendor folder [] []
[2020-07-25 13:03:02] app.INFO: Protect vendor folder in module ps_shoppingcart [] []
[2020-07-25 13:03:02] app.INFO: Module ps_shoppingcart has no vendor folder [] []
[2020-07-25 13:03:02] app.INFO: Protect vendor folder in module ps_socialfollow [] []
[2020-07-25 13:03:02] app.INFO: Module ps_socialfollow has no vendor folder [] []
[2020-07-25 13:03:02] app.INFO: Protect vendor folder in module ps_themecusto [] []
[2020-07-25 13:03:02] app.INFO: Module ps_themecusto has no vendor folder [] []
[2020-07-25 13:03:02] app.INFO: Protect vendor folder in module ps_wirepayment [] []
[2020-07-25 13:03:02] app.INFO: Module ps_wirepayment has no vendor folder [] []
[2020-07-25 13:03:03] app.INFO: Protect vendor folder in module pagesnotfound [] []
[2020-07-25 13:03:03] app.INFO: Module pagesnotfound has no vendor folder [] []
[2020-07-25 13:03:03] app.INFO: Protect vendor folder in module sekeywords [] []
[2020-07-25 13:03:03] app.INFO: Module sekeywords has no vendor folder [] []
[2020-07-25 13:03:03] app.INFO: Protect vendor folder in module statsbestcategories [] []
[2020-07-25 13:03:03] app.INFO: Module statsbestcategories has no vendor folder [] []
[2020-07-25 13:03:03] app.INFO: Protect vendor folder in module statsbestcustomers [] []
[2020-07-25 13:03:03] app.INFO: Module statsbestcustomers has no vendor folder [] []
[2020-07-25 13:03:03] app.INFO: Protect vendor folder in module statsbestproducts [] []
[2020-07-25 13:03:03] app.INFO: Module statsbestproducts has no vendor folder [] []
[2020-07-25 13:03:03] app.INFO: Protect vendor folder in module statsbestsuppliers [] []
[2020-07-25 13:03:03] app.INFO: Module statsbestsuppliers has no vendor folder [] []
[2020-07-25 13:03:03] app.INFO: Protect vendor folder in module statsbestvouchers [] []
[2020-07-25 13:03:03] app.INFO: Module statsbestvouchers has no vendor folder [] []
[2020-07-25 13:03:03] app.INFO: Protect vendor folder in module statscarrier [] []
[2020-07-25 13:03:03] app.INFO: Module statscarrier has no vendor folder [] []
[2020-07-25 13:03:03] app.INFO: Protect vendor folder in module statscatalog [] []
[2020-07-25 13:03:03] app.INFO: Module statscatalog has no vendor folder [] []
[2020-07-25 13:03:03] app.INFO: Protect vendor folder in module statscheckup [] []
[2020-07-25 13:03:03] app.INFO: Module statscheckup has no vendor folder [] []
[2020-07-25 13:03:03] app.INFO: Protect vendor folder in module statsdata [] []
[2020-07-25 13:03:03] app.INFO: Module statsdata has no vendor folder [] []
[2020-07-25 13:03:04] app.INFO: Protect vendor folder in module statsequipment [] []
[2020-07-25 13:03:04] app.INFO: Module statsequipment has no vendor folder [] []
[2020-07-25 13:03:04] app.INFO: Protect vendor folder in module statsforecast [] []
[2020-07-25 13:03:04] app.INFO: Module statsforecast has no vendor folder [] []
[2020-07-25 13:03:04] app.INFO: Protect vendor folder in module statslive [] []
[2020-07-25 13:03:04] app.INFO: Module statslive has no vendor folder [] []
[2020-07-25 13:03:04] app.INFO: Protect vendor folder in module statsnewsletter [] []
[2020-07-25 13:03:04] app.INFO: Module statsnewsletter has no vendor folder [] []
[2020-07-25 13:03:04] app.INFO: Protect vendor folder in module statsorigin [] []
[2020-07-25 13:03:04] app.INFO: Module statsorigin has no vendor folder [] []
[2020-07-25 13:03:04] app.INFO: Protect vendor folder in module statspersonalinfos [] []
[2020-07-25 13:03:04] app.INFO: Module statspersonalinfos has no vendor folder [] []
[2020-07-25 13:03:04] app.INFO: Protect vendor folder in module statsproduct [] []
[2020-07-25 13:03:04] app.INFO: Module statsproduct has no vendor folder [] []
[2020-07-25 13:03:04] app.INFO: Protect vendor folder in module statsregistrations [] []
[2020-07-25 13:03:04] app.INFO: Module statsregistrations has no vendor folder [] []
[2020-07-25 13:03:04] app.INFO: Protect vendor folder in module statssales [] []
[2020-07-25 13:03:04] app.INFO: Module statssales has no vendor folder [] []
[2020-07-25 13:03:04] app.INFO: Protect vendor folder in module statssearch [] []
[2020-07-25 13:03:04] app.INFO: Module statssearch has no vendor folder [] []
[2020-07-25 13:03:04] app.INFO: Protect vendor folder in module statsstock [] []
[2020-07-25 13:03:04] app.INFO: Module statsstock has no vendor folder [] []
[2020-07-25 13:03:04] app.INFO: Protect vendor folder in module statsvisits [] []
[2020-07-25 13:03:04] app.INFO: Module statsvisits has no vendor folder [] []
[2020-07-25 13:03:05] app.INFO: Protect vendor folder in module welcome [] []
[2020-07-25 13:03:11] app.INFO: Exporting mail with theme modern for language English (English) [] []
[2020-07-25 13:03:11] app.INFO: Core output folder: C:\xampp\htdocs\dashboard/mails [] []
[2020-07-25 13:03:11] app.INFO: Modules output folder: C:\xampp\htdocs\dashboard/modules/ [] []
[2020-07-25 13:03:14] app.INFO: Exporting mail with theme modern for language தமிழ் (Tamil) [] []
[2020-07-25 13:03:14] app.INFO: Core output folder: C:\xampp\htdocs\dashboard/mails [] []
[2020-07-25 13:03:14] app.INFO: Modules output folder: C:\xampp\htdocs\dashboard/modules/ [] []
[2020-07-25 13:05:51] app.ERROR: Data from PrestaShop Addons is invalid, and cannot fallback on cache.  {"exception":"cURL error 28: Operation timed out after 5000 milliseconds with 648844 bytes received"} []
[2020-07-25 13:05:53] app.INFO: Protect vendor folder in module gamification [] []
[2020-07-25 13:05:54] app.INFO: Protect vendor folder in module emarketing [] []
[2020-07-25 13:05:54] app.INFO: Protect vendor folder in module psaddonsconnect [] []
[2020-07-25 13:05:55] app.INFO: Protect vendor folder in module psgdpr [] []
[2020-07-25 13:05:55] app.INFO: Protect vendor folder in module ps_mbo [] []
[2020-07-25 13:05:55] app.INFO: Protect vendor folder in module ps_buybuttonlite [] []
[2020-07-25 13:06:09] app.INFO: Exporting mail with theme modern for language English (English) [] []
[2020-07-25 13:06:09] app.INFO: Core output folder: C:\xampp\htdocs\dashboard/mails [] []
[2020-07-25 13:06:09] app.INFO: Modules output folder: C:\xampp\htdocs\dashboard/modules/ [] []
[2020-07-25 13:06:16] app.INFO: Exporting mail with theme modern for language தமிழ் (Tamil) [] []
[2020-07-25 13:06:16] app.INFO: Core output folder: C:\xampp\htdocs\dashboard/mails [] []
[2020-07-25 13:06:16] app.INFO: Modules output folder: C:\xampp\htdocs\dashboard/modules/ [] []
[2020-07-25 13:07:18] app.ERROR: Data from PrestaShop Addons is invalid, and cannot fallback on cache.  {"exception":"cURL error 28: Operation timed out after 5000 milliseconds with 763523 bytes received"} []
[2020-07-25 13:07:18] app.INFO: Protect vendor folder in module blockreassurance [] []
[2020-07-25 13:07:18] app.INFO: Module blockreassurance has no vendor folder [] []
[2020-07-26 11:30:32] request.INFO: Matched route "admin_module_manage". {"route":"admin_module_manage","route_parameters":{"category":null,"keyword":null,"_controller":"PrestaShopBundle\\Controller\\Admin\\Improve\\ModuleController::manageAction","_legacy_controller":"AdminModulesManage","_legacy_link":["AdminModulesManage","AdminModulesSf"],"_route":"admin_module_manage"},"request_uri":"http://127.0.0.1/dashboard/admin111woaqht/index.php/improve/modules/manage?_token=RCZU-oC2QK1E4OBozlIzwxCQoD7pjfk4UFttSAIwj2I","method":"GET"} []
[2020-07-26 11:30:32] security.DEBUG: Read existing security token from the session. {"key":"_security_main","token_class":"Symfony\\Component\\Security\\Core\\Authentication\\Token\\UsernamePasswordToken"} []
[2020-07-26 11:30:32] security.DEBUG: User was reloaded from a user provider. {"provider":"PrestaShopBundle\\Security\\Admin\\EmployeeProvider","username":"harikrishnakj09@gmail.com"} []
[2020-07-26 11:30:45] app.ERROR: Data from PrestaShop Addons is invalid, and cannot fallback on cache.  {"exception":"cURL error 28: Operation timed out after 5002 milliseconds with 222869 bytes received"} []
[2020-07-26 11:31:03] security.DEBUG: Stored the security token in the session. {"key":"_security_main"} []
[2020-07-26 11:31:25] request.INFO: Matched route "admin_module_manage". {"route":"admin_module_manage","route_parameters":{"category":null,"keyword":null,"_controller":"PrestaShopBundle\\Controller\\Admin\\Improve\\ModuleController::manageAction","_legacy_controller":"AdminModulesManage","_legacy_link":["AdminModulesManage","AdminModulesSf"],"_route":"admin_module_manage"},"request_uri":"http://127.0.0.1/dashboard/admin111woaqht/index.php/improve/modules/manage?_token=RCZU-oC2QK1E4OBozlIzwxCQoD7pjfk4UFttSAIwj2I","method":"GET"} []
[2020-07-26 11:31:25] security.DEBUG: Read existing security token from the session. {"key":"_security_main","token_class":"Symfony\\Component\\Security\\Core\\Authentication\\Token\\UsernamePasswordToken"} []
[2020-07-26 11:31:25] security.DEBUG: User was reloaded from a user provider. {"provider":"PrestaShopBundle\\Security\\Admin\\EmployeeProvider","username":"harikrishnakj09@gmail.com"} []
[2020-07-26 11:31:33] app.ERROR: Data from PrestaShop Addons is invalid, and cannot fallback on cache.  {"exception":"cURL error 28: Operation timed out after 5001 milliseconds with 517772 bytes received"} []
[2020-07-26 11:31:35] security.DEBUG: Stored the security token in the session. {"key":"_security_main"} []
[2020-07-26 11:31:39] request.INFO: Matched route "admin_module_notification_count". {"route":"admin_module_notification_count","route_parameters":{"_controller":"PrestaShopBundle\\Controller\\Admin\\Improve\\Modules\\AlertsController::notificationsCountAction","_legacy_controller":"AdminModulesNotifications","_legacy_link":"AdminModulesNotifications:count","_route":"admin_module_notification_count"},"request_uri":"http://127.0.0.1/dashboard/admin111woaqht/index.php/improve/modules/alerts/count?_token=RCZU-oC2QK1E4OBozlIzwxCQoD7pjfk4UFttSAIwj2I","method":"GET"} []
[2020-07-26 11:31:40] security.DEBUG: Read existing security token from the session. {"key":"_security_main","token_class":"Symfony\\Component\\Security\\Core\\Authentication\\Token\\UsernamePasswordToken"} []
[2020-07-26 11:31:40] security.DEBUG: User was reloaded from a user provider. {"provider":"PrestaShopBundle\\Security\\Admin\\EmployeeProvider","username":"harikrishnakj09@gmail.com"} []
[2020-07-26 11:31:47] app.ERROR: Data from PrestaShop Addons is invalid, and cannot fallback on cache.  {"exception":"cURL error 28: Operation timed out after 5005 milliseconds with 95614 bytes received"} []
[2020-07-26 11:31:50] security.DEBUG: Stored the security token in the session. {"key":"_security_main"} []
[2020-07-26 11:32:12] request.INFO: Matched route "admin_module_manage". {"route":"admin_module_manage","route_parameters":{"category":null,"keyword":null,"_controller":"PrestaShopBundle\\Controller\\Admin\\Improve\\ModuleController::manageAction","_legacy_controller":"AdminModulesManage","_legacy_link":["AdminModulesManage","AdminModulesSf"],"_route":"admin_module_manage"},"request_uri":"http://127.0.0.1/dashboard/admin111woaqht/index.php/improve/modules/manage?_token=RCZU-oC2QK1E4OBozlIzwxCQoD7pjfk4UFttSAIwj2I","method":"GET"} []
[2020-07-26 11:32:12] security.DEBUG: Read existing security token from the session. {"key":"_security_main","token_class":"Symfony\\Component\\Security\\Core\\Authentication\\Token\\UsernamePasswordToken"} []
[2020-07-26 11:32:12] security.DEBUG: User was reloaded from a user provider. {"provider":"PrestaShopBundle\\Security\\Admin\\EmployeeProvider","username":"harikrishnakj09@gmail.com"} []
[2020-07-26 11:32:18] app.ERROR: Data from PrestaShop Addons is invalid, and cannot fallback on cache.  {"exception":"cURL error 28: Operation timed out after 5001 milliseconds with 173717 bytes received"} []
[2020-07-26 11:32:19] security.DEBUG: Stored the security token in the session. {"key":"_security_main"} []
[2020-07-26 11:32:21] request.INFO: Matched route "admin_module_notification_count". {"route":"admin_module_notification_count","route_parameters":{"_controller":"PrestaShopBundle\\Controller\\Admin\\Improve\\Modules\\AlertsController::notificationsCountAction","_legacy_controller":"AdminModulesNotifications","_legacy_link":"AdminModulesNotifications:count","_route":"admin_module_notification_count"},"request_uri":"http://127.0.0.1/dashboard/admin111woaqht/index.php/improve/modules/alerts/count?_token=RCZU-oC2QK1E4OBozlIzwxCQoD7pjfk4UFttSAIwj2I","method":"GET"} []
[2020-07-26 11:32:21] security.DEBUG: Read existing security token from the session. {"key":"_security_main","token_class":"Symfony\\Component\\Security\\Core\\Authentication\\Token\\UsernamePasswordToken"} []
[2020-07-26 11:32:21] security.DEBUG: User was reloaded from a user provider. {"provider":"PrestaShopBundle\\Security\\Admin\\EmployeeProvider","username":"harikrishnakj09@gmail.com"} []
[2020-07-26 11:32:27] app.ERROR: Data from PrestaShop Addons is invalid, and cannot fallback on cache.  {"exception":"cURL error 28: Operation timed out after 5000 milliseconds with 616076 bytes received"} []
[2020-07-26 11:32:27] security.DEBUG: Stored the security token in the session. {"key":"_security_main"} []
